<?xml version="1.0" encoding="UTF-8"?>
<!-- Generated by org.testng.reporters.JUnitReportReporter -->
<testsuite skipped="0" hostname="ab-PC" name="testCases.VerifyValidLogin" tests="1" failures="0" timestamp="24 Mar 2019 10:57:43 GMT" time="21.458" errors="0">
  <testcase name="checkValidLogin" time="21.458" classname="testCases.VerifyValidLogin"/>
</testsuite> <!-- testCases.VerifyValidLogin -->
