<?xml version="1.0" encoding="UTF-8"?>
<!-- Generated by org.testng.reporters.JUnitReportReporter -->
<testsuite skipped="0" hostname="ab-PC" name="base.LoginSetup" tests="1" failures="0" timestamp="30 Mar 2019 15:40:20 GMT" time="23.565" errors="0">
  <testcase name="checkValidLogin" time="23.565" classname="base.LoginSetup"/>
</testsuite> <!-- base.LoginSetup -->
